[08/31/2022 12:08:37] Debug: Session id: 20f28f45-c058-4f1e-904b-29d29b173e9a
[08/31/2022 12:08:37] Debug: Code Processor information: Name :SnowConvert, Version: 7.11.102.0
[08/31/2022 12:08:38] Debug: Getting license
[08/31/2022 12:08:38] Debug: License information
	Status: Failed
	Message: No active license available.
[08/31/2022 12:08:38] Info: Starting to validate parameters
[08/31/2022 12:08:38] Info: Parameters to validate: 
	Execution mode: Conversion
	LICENSE_KEY: a3372138-b87e-4a08-b929-3b48b24c63f1
[08/31/2022 12:08:38] Info: Validation of parameters: Success
[08/31/2022 12:08:38] Debug: Getting code descriptor
[08/31/2022 12:08:38] Debug: Code descriptor information
	Units: 51
	Units type: LOC
	All file bytes: 2141
	All found extensions: .sql,.dml,.ddl,.bteq,.btq,.fl,.fload,.ml,.mload,.mld,.tp,.tpump,.tpt
[08/31/2022 12:08:38] Debug: Calculating fingerprint
[08/31/2022 12:08:38] Debug: Fingerprint information Fingerprint(size=2141,projects=1)
[08/31/2022 12:08:38] Info: Starting to try to validate online license for execution
[08/31/2022 12:08:39] Debug: Getting license
[08/31/2022 12:08:39] Debug: License information
	Status: Failed
	Message: No active license available.
[08/31/2022 12:08:39] Debug: Starting the execution of the controller
[08/31/2022 12:08:40] Debug: Executing the worker: SnowConvert
[08/31/2022 12:08:52] Debug: Finished executing the worker: SnowConvert
[08/31/2022 12:08:54] Info: Controller execution ended
